INFO:root:SL Train Params: {'self': <secretflow.ml.nn.sl.sl_model.SLModel object at 0x7fbadbf8bf70>, 'x': VDataFrame(partitions={PYURuntime(alice): <secretflow.data.core.partition.Partition object at 0x7fbb89774c40>, PYURuntime(bob): <secretflow.data.core.partition.Partition object at 0x7fbb897750f0>}, aligned=True), 'y': VDataFrame(partitions={PYURuntime(alice): <secretflow.data.core.partition.Partition object at 0x7fbb897759f0>}, aligned=True), 'batch_size': 64, 'epochs': 1, 'verbose': 1, 'callbacks': [<secretflow.ml.nn.sl.attacks.fia_torch.FeatureInferenceAttack object at 0x7fbadb2cf820>], 'validation_data': (VDataFrame(partitions={PYURuntime(alice): <secretflow.data.core.partition.Partition object at 0x7fbb89774e80>, PYURuntime(bob): <secretflow.data.core.partition.Partition object at 0x7fbb89775300>}, aligned=True), VDataFrame(partitions={PYURuntime(alice): <secretflow.data.core.partition.Partition object at 0x7fbb89775d20>}, aligned=True)), 'shuffle': False, 'sample_weight': None, 'validation_freq': 1, 'dp_spent_step_freq': None, 'dataset_builder': None, 'audit_log_params': {}, 'early_stopping_batch_step': 0, 'early_stopping_warmup_step': 0, 'random_seed': 1234, 'audit_log_dir': None}
 98%|█████████▊| 56/57 [00:00<00:00, 100.93it/s, {'train_loss': array(0.36142364, dtype=float32), 'train_BinaryAccuracy': array(0.8420907, dtype=float32), 'train_BinaryPrecision': array(0.08955224, dtype=float32), 'val_loss': array(0.17533527, dtype=float32), 'val_BinaryAccuracy': array(0.8729282, dtype=float32), 'val_BinaryPrecision': array(0., dtype=float32)}]
/tmp/ipykernel_944917/2739045507.py:14: UserWarning: To copy construct from a tensor, it is recommended to use sourceTensor.clone().detach() or sourceTensor.clone().detach().requires_grad_(True), rather than torch.tensor(sourceTensor).
  alice_dataset = TensorDataset(torch.tensor(alice_data))
/tmp/ipykernel_944917/2739045507.py:21: UserWarning: To copy construct from a tensor, it is recommended to use sourceTensor.clone().detach() or sourceTensor.clone().detach().requires_grad_(True), rather than torch.tensor(sourceTensor).
  bob_dataset = TensorDataset(torch.tensor(bob_data))
INFO:root:In epoch 0, loss is 1.121535062789917
INFO:root:Mean generator loss: 0.118563112616539
INFO:root:Mean random guess loss: 0.19375928243001303
INFO:root:Mean generator loss Per Feature: [0.06449216 0.06409151 0.25452912 0.13940742 0.20837437 0.080477
 0.08354268 0.16903134 0.08150743 0.08679091 0.05676358 0.13374984]
INFO:root:Mean random guess loss Per Feature: [0.13123737 0.10000144 0.39364881 0.23293736 0.32365789 0.19260596
 0.22534644 0.13310922 0.13154832 0.12391036 0.11587718 0.22123101]
INFO:root:In epoch 1, loss is 0.5370686054229736
INFO:root:Mean generator loss: 0.10222526341676712
INFO:root:Mean random guess loss: 0.19157637556393942
INFO:root:Mean generator loss Per Feature: [0.05484498 0.03429062 0.25120119 0.13670897 0.20863713 0.07746976
 0.08396311 0.09158493 0.05171857 0.06248308 0.04675769 0.12704315]
INFO:root:Mean random guess loss Per Feature: [0.14061501 0.13230345 0.3645336  0.24216047 0.32837499 0.1943433
 0.19676311 0.11852831 0.10707008 0.11986384 0.12581345 0.22854688]
INFO:root:In epoch 2, loss is 0.3840025067329407
INFO:root:Mean generator loss: 0.09452661623557408
INFO:root:Mean random guess loss: 0.19383102357387544
INFO:root:Mean generator loss Per Feature: [0.04995146 0.02300737 0.24857098 0.13455647 0.20645052 0.0763861
 0.08150975 0.06049623 0.0423888  0.05248674 0.03992084 0.11859414]
INFO:root:Mean random guess loss Per Feature: [0.13540483 0.10716572 0.36935517 0.24952549 0.34140573 0.2022053
 0.19944282 0.1112128  0.12722385 0.13678298 0.11156785 0.23467969]
INFO:root:In epoch 3, loss is 0.29868265986442566
INFO:root:Mean generator loss: 0.0894744023680687
INFO:root:Mean random guess loss: 0.18978291749954224
INFO:root:Mean generator loss Per Feature: [0.04080323 0.01768273 0.24930287 0.13391557 0.20538263 0.07557933
 0.07725874 0.04652019 0.03650344 0.04788758 0.02798506 0.1148715 ]
INFO:root:Mean random guess loss Per Feature: [0.13147693 0.11481948 0.37015863 0.24275622 0.32474486 0.21016257
 0.20279189 0.12020526 0.1078664  0.11378389 0.12103449 0.21759446]
INFO:root:In epoch 4, loss is 0.2390199452638626
INFO:root:Mean generator loss: 0.08629374156395594
INFO:root:Mean random guess loss: 0.19691783487796782
INFO:root:Mean generator loss Per Feature: [0.03644795 0.01481919 0.24968688 0.13310579 0.20411174 0.07523366
 0.07584615 0.03638409 0.03136258 0.0429901  0.02209396 0.11344281]
INFO:root:Mean random guess loss Per Feature: [0.13875598 0.11116982 0.39071142 0.2464004  0.34752139 0.19153443
 0.2089251  0.12159442 0.12259084 0.13216532 0.12477645 0.22686847]
INFO:root:In epoch 5, loss is 0.20261074602603912
INFO:root:Mean generator loss: 0.08428534617026646
INFO:root:Mean random guess loss: 0.19285887281099956
INFO:root:Mean generator loss Per Feature: [0.03413824 0.01306105 0.25012659 0.13128051 0.20459353 0.07463914
 0.075386   0.03105505 0.02747472 0.03854779 0.01858942 0.1125321 ]
INFO:root:Mean random guess loss Per Feature: [0.14422106 0.10720674 0.38872876 0.23399947 0.31483207 0.19578296
 0.20975174 0.12991884 0.12023504 0.1334364  0.13087881 0.20531462]
INFO:root:In epoch 6, loss is 0.17721939086914062
INFO:root:Mean generator loss: 0.08277112096548081
INFO:root:Mean random guess loss: 0.19377909898757933
INFO:root:Mean generator loss Per Feature: [0.03220105 0.01143644 0.24951673 0.12949359 0.20524772 0.07496
 0.07441317 0.02734961 0.02474372 0.03482603 0.01692834 0.11213705]
INFO:root:Mean random guess loss Per Feature: [0.12894759 0.12458435 0.39386047 0.24847577 0.31899694 0.19753415
 0.20884778 0.11749768 0.12652354 0.12604993 0.12297089 0.21106014]
INFO:root:In epoch 7, loss is 0.15821334719657898
INFO:root:Mean generator loss: 0.08148784736792246
INFO:root:Mean random guess loss: 0.19884291291236877
INFO:root:Mean generator loss Per Feature: [0.03045499 0.01030684 0.24936622 0.12798924 0.20450746 0.07485657
 0.07476336 0.02424398 0.02199345 0.03259766 0.01542758 0.11134685]
INFO:root:Mean random guess loss Per Feature: [0.13665562 0.12085063 0.38367639 0.24247524 0.3190124  0.20309221
 0.21052132 0.12261133 0.11977403 0.14630728 0.13499041 0.24614807]
INFO:root:In epoch 8, loss is 0.14261603355407715
INFO:root:Mean generator loss: 0.08037059505780537
INFO:root:Mean random guess loss: 0.1935721755027771
INFO:root:Mean generator loss Per Feature: [0.02898724 0.00912812 0.24747614 0.12699141 0.20453818 0.07492353
 0.07461548 0.02211138 0.01986436 0.03029848 0.01428244 0.11123039]
INFO:root:Mean random guess loss Per Feature: [0.12266723 0.11193428 0.38198173 0.24186908 0.31598887 0.20916219
 0.21417482 0.12577969 0.11510186 0.12951116 0.12860523 0.22608994]
INFO:root:In epoch 9, loss is 0.12968233227729797
INFO:root:Mean generator loss: 0.07965045720338822
INFO:root:Mean random guess loss: 0.19751827617486317
INFO:root:Mean generator loss Per Feature: [0.02783415 0.00848029 0.24799139 0.12673847 0.2050686  0.07521835
 0.07406731 0.01935758 0.01822384 0.02823039 0.0131713  0.11142383]
INFO:root:Mean random guess loss Per Feature: [0.14611647 0.11260822 0.36721999 0.23763114 0.35589662 0.21321928
 0.21433623 0.10953752 0.1176272  0.11564719 0.13896942 0.24141003]
INFO:root:In epoch 10, loss is 0.11899185925722122
INFO:root:Mean generator loss: 0.07894974648952484
INFO:root:Mean random guess loss: 0.19278175830841066
INFO:root:Mean generator loss Per Feature: [0.02664646 0.00760994 0.24917451 0.12589699 0.20468735 0.07471219
 0.07437975 0.01789833 0.01667975 0.02674722 0.012222   0.11074247]
INFO:root:Mean random guess loss Per Feature: [0.13521634 0.10077277 0.37746932 0.24495398 0.33406133 0.2017808
 0.19965274 0.12493205 0.12442382 0.13686777 0.12336755 0.20988262]
INFO:root:In epoch 11, loss is 0.10983815044164658
INFO:root:Mean generator loss: 0.07813479801019033
INFO:root:Mean random guess loss: 0.19599287112553915
INFO:root:Mean generator loss Per Feature: [0.02565647 0.00695387 0.24730551 0.1251197  0.20481014 0.07509344
 0.07347752 0.01668731 0.01503097 0.02532267 0.01148686 0.11067311]
INFO:root:Mean random guess loss Per Feature: [0.12589509 0.11768097 0.37769195 0.23701453 0.34745274 0.19850731
 0.21090291 0.10936321 0.13090624 0.13223019 0.12343652 0.2408328 ]
INFO:root:In epoch 12, loss is 0.10172058641910553
INFO:root:Mean generator loss: 0.07773806154727936
INFO:root:Mean random guess loss: 0.19011019468307494
INFO:root:Mean generator loss Per Feature: [0.02490371 0.00644161 0.24863555 0.12515556 0.20424904 0.07477109
 0.07410441 0.01529612 0.01390829 0.02399171 0.01077472 0.11062492]
INFO:root:Mean random guess loss Per Feature: [0.11822186 0.12993025 0.33942359 0.25302859 0.32301135 0.21482993
 0.21124424 0.10601071 0.11921948 0.12541548 0.12581505 0.21517184]
INFO:root:In epoch 13, loss is 0.09497714787721634
INFO:root:Mean generator loss: 0.07729283918937048
INFO:root:Mean random guess loss: 0.1909858892361323
INFO:root:Mean generator loss Per Feature: [0.02423193 0.00601944 0.24846771 0.12446118 0.20480693 0.07499213
 0.07410169 0.01399782 0.01284442 0.0230405  0.01019435 0.11035597]
INFO:root:Mean random guess loss Per Feature: [0.123383   0.11637007 0.37535088 0.24075705 0.3198285  0.20345135
 0.20576069 0.12063117 0.11271718 0.13501615 0.11190655 0.22665808]
INFO:root:In epoch 14, loss is 0.0888880118727684
INFO:root:Mean generator loss: 0.07701848894357681
INFO:root:Mean random guess loss: 0.19207400381565093
INFO:root:Mean generator loss Per Feature: [0.02364398 0.00566873 0.24957545 0.12403278 0.2050464  0.07526652
 0.0738007  0.01299747 0.01187328 0.0219561  0.00972276 0.1106377 ]
INFO:root:Mean random guess loss Per Feature: [0.13332658 0.12060691 0.38237477 0.23318513 0.33515779 0.20181882
 0.19486773 0.11900845 0.11728672 0.11240514 0.12927309 0.22557695]
INFO:root:In epoch 15, loss is 0.08357712626457214
INFO:root:Mean generator loss: 0.07665775914986929
INFO:root:Mean random guess loss: 0.19136711061000825
INFO:root:Mean generator loss Per Feature: [0.02306972 0.00529813 0.24890484 0.12400069 0.20478719 0.07510094
 0.07447538 0.01225332 0.01102992 0.02120552 0.00921268 0.11055479]
INFO:root:Mean random guess loss Per Feature: [0.13001708 0.12312048 0.36590275 0.23908691 0.33257622 0.19298213
 0.2126242  0.1132945  0.12188883 0.13046745 0.12079348 0.21365129]
INFO:root:In epoch 16, loss is 0.07909395545721054
INFO:root:Mean generator loss: 0.0762094924847285
INFO:root:Mean random guess loss: 0.19708048005898793
INFO:root:Mean generator loss Per Feature: [0.02240587 0.00504759 0.24846535 0.12375276 0.20444314 0.0747255
 0.07391631 0.01153307 0.01025066 0.02055112 0.00881959 0.11060295]
INFO:root:Mean random guess loss Per Feature: [0.13370629 0.12405103 0.39446167 0.2641556  0.34874974 0.20244825
 0.19235299 0.11356777 0.12645976 0.12651252 0.11072789 0.22777225]
INFO:root:In epoch 17, loss is 0.0750095546245575
INFO:root:Mean generator loss: 0.07597787578900655
INFO:root:Mean random guess loss: 0.19735059440135955
INFO:root:Mean generator loss Per Feature: [0.02200378 0.00480801 0.24860615 0.12377657 0.20441015 0.07486164
 0.07419893 0.0107877  0.0095861  0.01973165 0.00846217 0.11050167]
INFO:root:Mean random guess loss Per Feature: [0.14381381 0.12122146 0.3693586  0.25096766 0.32520433 0.20493836
 0.20837352 0.12569883 0.13496944 0.13055209 0.11470984 0.23839921]
INFO:root:In epoch 18, loss is 0.07145769894123077
INFO:root:Mean generator loss: 0.07577065328756968
INFO:root:Mean random guess loss: 0.1988038758436839
INFO:root:Mean generator loss Per Feature: [0.02153044 0.00457995 0.24887347 0.12357934 0.20438926 0.07524707
 0.0740065  0.01020702 0.00901504 0.01921289 0.00814372 0.11046312]
INFO:root:Mean random guess loss Per Feature: [0.15956978 0.10915743 0.37934574 0.23894354 0.34204787 0.20505822
 0.21649745 0.13138915 0.12552615 0.12635018 0.11393796 0.23782301]
INFO:root:In epoch 19, loss is 0.06829063594341278
INFO:root:Mean generator loss: 0.07552910447120667
INFO:root:Mean random guess loss: 0.19260132511456807
INFO:root:Mean generator loss Per Feature: [0.02119425 0.00434104 0.24874225 0.12347155 0.20443061 0.07499874
 0.07409784 0.00971471 0.0085146  0.01862506 0.00785964 0.11035897]
INFO:root:Mean random guess loss Per Feature: [0.12171182 0.11257366 0.36718573 0.2617738  0.36036102 0.20387691
 0.20772781 0.10875856 0.11399571 0.1223407  0.12708642 0.20382376]
INFO:root:In epoch 20, loss is 0.06549075245857239
INFO:root:Mean generator loss: 0.07537362078825632
INFO:root:Mean random guess loss: 0.20100119312604267
INFO:root:Mean generator loss Per Feature: [0.02082253 0.00415926 0.24870032 0.12355508 0.20429813 0.07518951
 0.07414223 0.00921846 0.00806023 0.01806159 0.00767013 0.11060597]
INFO:root:Mean random guess loss Per Feature: [0.13989322 0.12645629 0.40645346 0.24808852 0.34823196 0.20586151
 0.20231395 0.12550467 0.12555637 0.14054509 0.11266807 0.23044118]
INFO:root:In epoch 21, loss is 0.06292558461427689
INFO:root:Mean generator loss: 0.07510631283124287
INFO:root:Mean random guess loss: 0.2004337747891744
INFO:root:Mean generator loss Per Feature: [0.02052871 0.0040452  0.24834089 0.12330062 0.20429694 0.07462427
 0.07395095 0.00876767 0.00764276 0.01770919 0.0074418  0.11062678]
INFO:root:Mean random guess loss Per Feature: [0.14817523 0.11627909 0.40879732 0.24486771 0.33827492 0.21159091
 0.19136983 0.12295508 0.13167481 0.14266726 0.13195603 0.21659711]
INFO:root:In epoch 22, loss is 0.06074921414256096
INFO:root:Mean generator loss: 0.07512838790814082
INFO:root:Mean random guess loss: 0.19156906406084698
INFO:root:Mean generator loss Per Feature: [0.02031127 0.00390667 0.2492363  0.12313758 0.20464209 0.07527544
 0.07423224 0.00850225 0.00725557 0.01730733 0.0072073  0.11052661]
INFO:root:Mean random guess loss Per Feature: [0.12655943 0.11801858 0.3818307  0.23006768 0.31866791 0.19035805
 0.19892516 0.12286059 0.12744671 0.11596322 0.12787506 0.24025572]
INFO:root:In epoch 23, loss is 0.05868120118975639
INFO:root:Mean generator loss: 0.07488905986150106
INFO:root:Mean random guess loss: 0.19081717630227407
INFO:root:Mean generator loss Per Feature: [0.01999412 0.00377769 0.24877709 0.12290626 0.20448512 0.07471204
 0.0744279  0.00822721 0.00692784 0.01695792 0.00704804 0.11042744]
INFO:root:Mean random guess loss Per Feature: [0.12897114 0.11792173 0.35809786 0.22922397 0.32252311 0.18936161
 0.20670413 0.12318368 0.14250353 0.11743506 0.12816226 0.22571797]
INFO:root:In epoch 24, loss is 0.05691361799836159
INFO:root:Mean generator loss: 0.07478252251942953
INFO:root:Mean random guess loss: 0.19731739660104117
INFO:root:Mean generator loss Per Feature: [0.01971055 0.00363967 0.24855867 0.12296901 0.2046665  0.07497831
 0.07416265 0.0079786  0.00661788 0.01660712 0.00687393 0.11062739]
INFO:root:Mean random guess loss Per Feature: [0.11478905 0.1171478  0.36418297 0.23903574 0.34920565 0.20818523
 0.19779739 0.13655642 0.12631402 0.12548615 0.13205326 0.25705516]
INFO:root:In epoch 25, loss is 0.05540080368518829
INFO:root:Mean generator loss: 0.0746713454524676
INFO:root:Mean random guess loss: 0.1863031913836797
INFO:root:Mean generator loss Per Feature: [0.01951079 0.00356778 0.24898625 0.12290105 0.20428342 0.07468503
 0.07438698 0.00772837 0.00635823 0.01636015 0.00671935 0.11056876]
INFO:root:Mean random guess loss Per Feature: [0.12400347 0.1089789  0.38658617 0.22747466 0.31225233 0.19520673
 0.20455001 0.12384012 0.10667857 0.12329768 0.10820659 0.21456306]
INFO:root:In epoch 26, loss is 0.05400112643837929
INFO:root:Mean generator loss: 0.07453847428162892
INFO:root:Mean random guess loss: 0.19723031024138132
INFO:root:Mean generator loss Per Feature: [0.01929694 0.00347955 0.24869865 0.12274433 0.20459806 0.07487298
 0.07394145 0.00756225 0.00610272 0.01609328 0.00659623 0.11047525]
INFO:root:Mean random guess loss Per Feature: [0.1175994  0.11618624 0.37295087 0.25368252 0.33965602 0.19068317
 0.19848773 0.13001672 0.14128794 0.1301073  0.12969753 0.24640825]
INFO:root:In epoch 27, loss is 0.052774716168642044
INFO:root:Mean generator loss: 0.07446142037709554
INFO:root:Mean random guess loss: 0.1907023996114731
INFO:root:Mean generator loss Per Feature: [0.01914877 0.00340859 0.24849219 0.12299552 0.20466452 0.07478153
 0.07398859 0.00740722 0.00590411 0.01587801 0.00647538 0.11039262]
INFO:root:Mean random guess loss Per Feature: [0.14252641 0.10447213 0.39442521 0.21420202 0.32100686 0.20904864
 0.21180803 0.11657768 0.11277231 0.12652454 0.11723001 0.21783493]
INFO:root:In epoch 28, loss is 0.0515630804002285
INFO:root:Mean generator loss: 0.07433834373950958
INFO:root:Mean random guess loss: 0.1908874750137329
INFO:root:Mean generator loss Per Feature: [0.01896451 0.00332599 0.24861103 0.1228441  0.20405819 0.07491916
 0.07391951 0.0072463  0.00566815 0.01567294 0.00637275 0.11045748]
INFO:root:Mean random guess loss Per Feature: [0.12233343 0.11031056 0.37589373 0.23677733 0.33402987 0.20431032
 0.22393177 0.11294948 0.11609479 0.1170038  0.11284809 0.2241665 ]
INFO:root:In epoch 29, loss is 0.050560396164655685
INFO:root:Mean generator loss: 0.074278491238753
INFO:root:Mean random guess loss: 0.18667801320552826
INFO:root:Mean generator loss Per Feature: [0.01877006 0.00326657 0.24822732 0.12276309 0.20449721 0.07489488
 0.07396998 0.00705286 0.00551567 0.01548603 0.00624158 0.11065661]
INFO:root:Mean random guess loss Per Feature: [0.12748633 0.12682331 0.34276783 0.2431612  0.31961477 0.1882645
 0.2121981  0.11247034 0.10399594 0.11162052 0.1269701  0.22476323]
INFO:root:In epoch 30, loss is 0.04951607435941696
INFO:root:Mean generator loss: 0.07430904259284338
INFO:root:Mean random guess loss: 0.1928090214729309
INFO:root:Mean generator loss Per Feature: [0.01865778 0.00321082 0.24882654 0.12279316 0.20447214 0.07507338
 0.07423542 0.00698391 0.00535729 0.01526366 0.006182   0.1106524 ]
INFO:root:Mean random guess loss Per Feature: [0.13190709 0.11866683 0.3638439  0.23747261 0.3313049  0.19710448
 0.21308938 0.12619405 0.10212809 0.1373429  0.12428531 0.23036874]
INFO:root:In epoch 31, loss is 0.04878413677215576
INFO:root:Mean generator loss: 0.07418960432211558
INFO:root:Mean random guess loss: 0.18914446334044138
INFO:root:Mean generator loss Per Feature: [0.01852913 0.00317259 0.24798303 0.12282721 0.2049937  0.07492706
 0.07414742 0.00689643 0.00517485 0.01513148 0.00609806 0.11039431]
INFO:root:Mean random guess loss Per Feature: [0.12245227 0.10327554 0.35097085 0.2507739  0.31833537 0.20964863
 0.19477137 0.11197929 0.12012147 0.13360564 0.1267331  0.22706609]
INFO:root:In epoch 32, loss is 0.048056282103061676
INFO:root:Mean generator loss: 0.07410405824581782
INFO:root:Mean random guess loss: 0.19109240174293518
INFO:root:Mean generator loss Per Feature: [0.01834316 0.0031098  0.24838156 0.12269225 0.20489469 0.07470692
 0.07389383 0.00676544 0.00502648 0.0149842  0.00601546 0.11043491]
INFO:root:Mean random guess loss Per Feature: [0.11581615 0.10365057 0.37379805 0.24287858 0.33516973 0.19711894
 0.22679241 0.12533385 0.13408003 0.12711088 0.11645972 0.19489992]
INFO:root:In epoch 33, loss is 0.047249507158994675
INFO:root:Mean generator loss: 0.0740439752737681
INFO:root:Mean random guess loss: 0.19598776400089263
INFO:root:Mean generator loss Per Feature: [0.01824577 0.00307593 0.24821976 0.12288512 0.20434255 0.07465624
 0.07428774 0.00668717 0.00491307 0.01488285 0.00597822 0.11035328]
INFO:root:Mean random guess loss Per Feature: [0.13415326 0.12058821 0.39277321 0.25370639 0.34110715 0.19230522
 0.20971867 0.11348562 0.13439399 0.11894248 0.11263088 0.22804809]
INFO:root:In epoch 34, loss is 0.04658618941903114
INFO:root:Mean generator loss: 0.07406848718722661
INFO:root:Mean random guess loss: 0.19209184348583222
INFO:root:Mean generator loss Per Feature: [0.0181922  0.00302933 0.24882871 0.12272984 0.20470458 0.07485612
 0.07395978 0.00663064 0.00479641 0.01475164 0.0059059  0.1104367 ]
INFO:root:Mean random guess loss Per Feature: [0.13759334 0.11764711 0.37328322 0.24056103 0.34399292 0.19700591
 0.19210451 0.12214681 0.10125256 0.12834933 0.11699833 0.23416702]
INFO:root:In epoch 35, loss is 0.04603305086493492
INFO:root:Mean generator loss: 0.07404582500457764
INFO:root:Mean random guess loss: 0.18890260855356852
INFO:root:Mean generator loss Per Feature: [0.01805853 0.00300361 0.24852043 0.12285554 0.20463077 0.07479654
 0.07417371 0.00655114 0.0046739  0.01467129 0.00584167 0.11077277]
INFO:root:Mean random guess loss Per Feature: [0.1332482  0.10891837 0.35820103 0.2396554  0.35043683 0.21042352
 0.1986611  0.10408891 0.11552099 0.11429785 0.12092412 0.21245493]
INFO:root:In epoch 36, loss is 0.04556259140372276
INFO:root:Mean generator loss: 0.07399775485197703
INFO:root:Mean random guess loss: 0.19031398892402648
INFO:root:Mean generator loss Per Feature: [0.01798841 0.00296874 0.24864803 0.12280272 0.2043958  0.07515376
 0.07403641 0.0064875  0.00459395 0.01455967 0.00581163 0.11052641]
INFO:root:Mean random guess loss Per Feature: [0.13094926 0.12394234 0.36980277 0.22805286 0.32017056 0.20395183
 0.20352931 0.12764331 0.12429351 0.12141917 0.11428738 0.21572556]
INFO:root:In epoch 37, loss is 0.0450732596218586
INFO:root:Mean generator loss: 0.07389410783847174
INFO:root:Mean random guess loss: 0.18927416304747263
INFO:root:Mean generator loss Per Feature: [0.01791683 0.00295608 0.24852556 0.1225162  0.20438407 0.07481261
 0.07386623 0.00642785 0.00450902 0.01446676 0.0057606  0.11058749]
INFO:root:Mean random guess loss Per Feature: [0.12290762 0.11887467 0.35275502 0.2527452  0.32284979 0.20533758
 0.20233413 0.1199945  0.11921307 0.1103092  0.11044985 0.23351929]
INFO:root:In epoch 38, loss is 0.04473589360713959
INFO:root:Mean generator loss: 0.07384025851885477
INFO:root:Mean random guess loss: 0.19065221746762592
INFO:root:Mean generator loss Per Feature: [0.01780478 0.00294088 0.24823941 0.12258453 0.20444284 0.07474468
 0.07402067 0.00639367 0.0044156  0.01437022 0.00571321 0.1104126 ]
INFO:root:Mean random guess loss Per Feature: [0.13250519 0.11476213 0.38962472 0.23764693 0.32838699 0.18642521
 0.19605977 0.11623813 0.10990887 0.12593086 0.11686986 0.23346794]
INFO:root:In epoch 39, loss is 0.044224850833415985
INFO:root:Mean generator loss: 0.07385726124048234
INFO:root:Mean random guess loss: 0.19134621918201447
INFO:root:Mean generator loss Per Feature: [0.01774957 0.00291395 0.24864273 0.12264705 0.20430744 0.07483931
 0.07412298 0.00634966 0.00434322 0.01428958 0.00565873 0.1104229 ]
INFO:root:Mean random guess loss Per Feature: [0.14537424 0.11147673 0.36840674 0.23053081 0.33735458 0.19843024
 0.1996378  0.1095308  0.1173287  0.12127147 0.11910939 0.2377032 ]
INFO:root:In epoch 40, loss is 0.043853528797626495
INFO:root:Mean generator loss: 0.07390523552894593
INFO:root:Mean random guess loss: 0.1890425870815913
INFO:root:Mean generator loss Per Feature: [0.0176801  0.00289905 0.24876066 0.12284575 0.20490251 0.07479035
 0.07406406 0.0063038  0.00426887 0.01419107 0.0056265  0.1105301 ]
INFO:root:Mean random guess loss Per Feature: [0.14453543 0.11106809 0.35966395 0.24997874 0.3272609  0.18810063
 0.19531823 0.11786747 0.11805772 0.1350472  0.10852313 0.21308953]
INFO:root:In epoch 41, loss is 0.04353076592087746
INFO:root:Mean generator loss: 0.07389974047740301
INFO:root:Mean random guess loss: 0.19322621325651804
INFO:root:Mean generator loss Per Feature: [0.01763241 0.00287018 0.24900901 0.12278661 0.20488983 0.07497145
 0.0738031  0.0062688  0.00420219 0.01415761 0.0055907  0.11061501]
INFO:root:Mean random guess loss Per Feature: [0.12897105 0.1203793  0.38858005 0.25811466 0.31733988 0.19918797
 0.20743456 0.11428398 0.12224589 0.13109935 0.11330204 0.21777583]
INFO:root:In epoch 42, loss is 0.04322415962815285
INFO:root:Mean generator loss: 0.07381143818298976
INFO:root:Mean random guess loss: 0.1917433559894562
INFO:root:Mean generator loss Per Feature: [0.01755814 0.00287418 0.24823679 0.12265204 0.20465672 0.07502759
 0.07418799 0.0062621  0.00412617 0.0140884  0.00555958 0.11050758]
INFO:root:Mean random guess loss Per Feature: [0.14558731 0.11863108 0.37160645 0.24999051 0.30576895 0.20708065
 0.20321308 0.13133031 0.12223796 0.12409237 0.11237272 0.20900889]
INFO:root:In epoch 43, loss is 0.042896803468465805
INFO:root:Mean generator loss: 0.07380602757136027
INFO:root:Mean random guess loss: 0.1882809857527415
INFO:root:Mean generator loss Per Feature: [0.01749352 0.00286274 0.24873353 0.12263079 0.20459856 0.07480996
 0.07415353 0.00624222 0.00408634 0.01401084 0.00552871 0.1105216 ]
INFO:root:Mean random guess loss Per Feature: [0.1398279  0.12286444 0.35653828 0.22313799 0.30612191 0.19927018
 0.19007041 0.12394916 0.10633347 0.13598829 0.1236611  0.23160871]
INFO:root:In epoch 44, loss is 0.042603686451911926
INFO:root:Mean generator loss: 0.07374437153339386
INFO:root:Mean random guess loss: 0.19630414446194966
INFO:root:Mean generator loss Per Feature: [0.01743304 0.00284501 0.24843342 0.1227012  0.20460409 0.07479621
 0.07393834 0.00623193 0.00402824 0.01396795 0.00550503 0.11044799]
INFO:root:Mean random guess loss Per Feature: [0.14162697 0.11754006 0.38358958 0.25537819 0.33727535 0.19714079
 0.20172137 0.10749651 0.13147283 0.12779096 0.12575134 0.22886576]
INFO:root:In epoch 45, loss is 0.04234771430492401
INFO:root:Mean generator loss: 0.07369583199421564
INFO:root:Mean random guess loss: 0.1910321484009425
INFO:root:Mean generator loss Per Feature: [0.0174181  0.0028333  0.24833764 0.12245033 0.20454992 0.07464982
 0.07400177 0.00618684 0.00397661 0.01389604 0.00547872 0.11057088]
INFO:root:Mean random guess loss Per Feature: [0.14531171 0.11478501 0.36879606 0.23645162 0.3122047  0.19849435
 0.19970965 0.11037418 0.12453678 0.14706534 0.10192861 0.23272782]
INFO:root:In epoch 46, loss is 0.04216013103723526
INFO:root:Mean generator loss: 0.07374823490778605
INFO:root:Mean random guess loss: 0.19089233378569284
INFO:root:Mean generator loss Per Feature: [0.01737328 0.00281941 0.24858473 0.12272097 0.20456055 0.07503959
 0.07415534 0.00617415 0.00392295 0.01388464 0.00545934 0.11028384]
INFO:root:Mean random guess loss Per Feature: [0.12116243 0.12348227 0.39319544 0.23682142 0.32572872 0.18564487
 0.19498761 0.11342546 0.12169135 0.13987462 0.11011208 0.22458171]
INFO:root:In epoch 47, loss is 0.04200047254562378
INFO:root:Mean generator loss: 0.07369101891915003
INFO:root:Mean random guess loss: 0.1894046723842621
INFO:root:Mean generator loss Per Feature: [0.01730119 0.00280273 0.24831811 0.12251611 0.20467802 0.07506575
 0.0737738  0.00614553 0.00388769 0.0138372  0.0054335  0.11053259]
INFO:root:Mean random guess loss Per Feature: [0.12716683 0.11770178 0.34510341 0.23476521 0.32163938 0.22324582
 0.1977268  0.11757336 0.12477636 0.11535186 0.09880811 0.24899712]
INFO:root:In epoch 48, loss is 0.04175565391778946
INFO:root:Mean generator loss: 0.07372399022181829
INFO:root:Mean random guess loss: 0.19865243832270305
INFO:root:Mean generator loss Per Feature: [0.01725451 0.00278963 0.24874199 0.12266568 0.20452243 0.0749344
 0.07412582 0.00614409 0.00383511 0.01379287 0.00541865 0.11046269]
INFO:root:Mean random guess loss Per Feature: [0.13687859 0.11678038 0.39205315 0.24865946 0.32484815 0.19290135
 0.20741246 0.12979456 0.12296005 0.13846674 0.12563323 0.24744113]
INFO:root:In epoch 49, loss is 0.04155345261096954
INFO:root:Mean generator loss: 0.0737084060907364
INFO:root:Mean random guess loss: 0.1925258179505666
INFO:root:Mean generator loss Per Feature: [0.01723553 0.0027945  0.24869545 0.12277468 0.20450833 0.07480799
 0.07407734 0.00610648 0.00380398 0.01375872 0.00539873 0.11053914]
INFO:root:Mean random guess loss Per Feature: [0.14388044 0.11511562 0.36927224 0.24204508 0.3325198  0.20062139
 0.20981873 0.11658971 0.12082302 0.12503636 0.09512223 0.23946525]
INFO:root:In epoch 50, loss is 0.04135854169726372
INFO:root:Mean generator loss: 0.0737077866991361
INFO:root:Mean random guess loss: 0.19130743145942689
INFO:root:Mean generator loss Per Feature: [0.01720911 0.0027954  0.24837931 0.1227576  0.20465254 0.0751685
 0.07393617 0.00610931 0.00377546 0.01371585 0.00537683 0.11061734]
INFO:root:Mean random guess loss Per Feature: [0.14938397 0.12047759 0.37050833 0.24494789 0.31593564 0.19237914
 0.20661842 0.1033367  0.11660166 0.1285683  0.11412913 0.23280239]
INFO:root:In epoch 51, loss is 0.04119042679667473
INFO:root:Mean generator loss: 0.07364718864361446
INFO:root:Mean random guess loss: 0.19636088311672212
INFO:root:Mean generator loss Per Feature: [0.01716068 0.00278214 0.24837064 0.12261752 0.20456496 0.0747943
 0.07401548 0.00607121 0.00372591 0.01370308 0.00535792 0.11060242]
INFO:root:Mean random guess loss Per Feature: [0.14019388 0.11729263 0.3765083  0.24960874 0.33629463 0.20141551
 0.20001669 0.11711468 0.12497309 0.14658424 0.1193053  0.22702294]
INFO:root:In epoch 52, loss is 0.04114902392029762
INFO:root:Mean generator loss: 0.07362695932388305
INFO:root:Mean random guess loss: 0.19728607634703318
INFO:root:Mean generator loss Per Feature: [0.01710952 0.0027616  0.24840067 0.12262671 0.20446746 0.07493015
 0.07372561 0.00605565 0.0037013  0.01364013 0.00535027 0.11075447]
INFO:root:Mean random guess loss Per Feature: [0.14452653 0.11586953 0.37314606 0.23425842 0.32763856 0.20881099
 0.20536082 0.12069691 0.12891226 0.13201324 0.12927405 0.2469255 ]
INFO:root:In epoch 53, loss is 0.040975574404001236
INFO:root:Mean generator loss: 0.07364115118980408
INFO:root:Mean random guess loss: 0.19419338603814443
INFO:root:Mean generator loss Per Feature: [0.01710796 0.00277514 0.24841732 0.12271463 0.20436584 0.07494192
 0.07409554 0.00608656 0.00366428 0.01363663 0.00533693 0.11055107]
INFO:root:Mean random guess loss Per Feature: [0.13625746 0.11342194 0.41545855 0.22329042 0.35209146 0.20403004
 0.18789872 0.14002187 0.12256846 0.11552203 0.11054837 0.2092113 ]
INFO:root:In epoch 54, loss is 0.04071466252207756
INFO:root:Mean generator loss: 0.07360250999530156
INFO:root:Mean random guess loss: 0.1937968631585439
INFO:root:Mean generator loss Per Feature: [0.01705825 0.00276027 0.24819084 0.12265079 0.2046448  0.07476304
 0.07397457 0.00607223 0.00364254 0.01358449 0.00531431 0.11057399]
INFO:root:Mean random guess loss Per Feature: [0.12191205 0.12568247 0.38041707 0.25274911 0.31516932 0.21093725
 0.20353024 0.12015032 0.12511629 0.13481723 0.11940419 0.21567685]
INFO:root:In epoch 55, loss is 0.04073416814208031
INFO:root:Mean generator loss: 0.07360593130191168
INFO:root:Mean random guess loss: 0.19414722422758737
INFO:root:Mean generator loss Per Feature: [0.01705594 0.00275125 0.24841242 0.12267486 0.20464271 0.07485488
 0.07382612 0.00605683 0.00361156 0.01359452 0.00530342 0.11048664]
INFO:root:Mean random guess loss Per Feature: [0.14016935 0.12980105 0.36773681 0.2451573  0.3374513  0.19840237
 0.19907418 0.12488536 0.11417518 0.1202239  0.11360778 0.2390821 ]
INFO:root:In epoch 56, loss is 0.0405782051384449
INFO:root:Mean generator loss: 0.07360531191031137
INFO:root:Mean random guess loss: 0.19133027990659077
INFO:root:Mean generator loss Per Feature: [0.01701816 0.00273879 0.24822257 0.12280967 0.20448801 0.07491995
 0.0740771  0.0060619  0.00357613 0.01356638 0.005287   0.1104981 ]
INFO:root:Mean random guess loss Per Feature: [0.12341041 0.11783713 0.38164671 0.21948479 0.32091077 0.20829884
 0.19960439 0.12312601 0.12254698 0.12197015 0.12968817 0.22743899]
INFO:root:In epoch 57, loss is 0.04050629585981369
INFO:root:Mean generator loss: 0.07364108016093572
INFO:root:Mean random guess loss: 0.19095749656359354
INFO:root:Mean generator loss Per Feature: [0.01700818 0.0027395  0.24866156 0.12268912 0.20489993 0.07466924
 0.0741377  0.00605342 0.00356254 0.01356019 0.00527944 0.11043212]
INFO:root:Mean random guess loss Per Feature: [0.12500559 0.12134305 0.38287093 0.23953061 0.29339035 0.21666903
 0.20427092 0.13188029 0.10904996 0.12637151 0.10843072 0.23267696]
INFO:root:In epoch 58, loss is 0.0403231717646122
INFO:root:Mean generator loss: 0.07364243616660436
INFO:root:Mean random guess loss: 0.19258622427781422
INFO:root:Mean generator loss Per Feature: [0.01697155 0.00274033 0.24866842 0.12263007 0.20468897 0.07502722
 0.07403809 0.00603688 0.00353716 0.01354712 0.0052756  0.11054784]
INFO:root:Mean random guess loss Per Feature: [0.13848728 0.11118498 0.38436684 0.25493208 0.31286863 0.20345237
 0.1999485  0.12529411 0.11272025 0.14036673 0.10814213 0.21927078]
INFO:root:In epoch 59, loss is 0.040299829095602036
INFO:root:Mean generator loss: 0.0735635722676913
INFO:root:Mean random guess loss: 0.19322728216648102
INFO:root:Mean generator loss Per Feature: [0.01696526 0.00273383 0.24830768 0.12261036 0.20460417 0.07474598
 0.07410377 0.00603565 0.00352025 0.01351011 0.00526608 0.11035972]
INFO:root:Mean random guess loss Per Feature: [0.14009716 0.11192074 0.3806747  0.24659446 0.32629624 0.21798824
 0.20516709 0.12413002 0.11199382 0.12346999 0.11282907 0.21756592]


 {'train_loss': [array(0.36142364, dtype=float32)],
 'train_BinaryAccuracy': [array(0.8420907, dtype=float32)],
 'train_BinaryPrecision': [array(0.08955224, dtype=float32)],
 'val_loss': [array(0.17533527, dtype=float32)],
 'val_BinaryAccuracy': [array(0.8729282, dtype=float32)],
 'val_BinaryPrecision': [array(0., dtype=float32)]}
 