INFO:root:SL Train Params: {'self': <secretflow.ml.nn.sl.sl_model.SLModel object at 0x7fc506bbb1c0>, 'x': FedNdarray(partitions={PYURuntime(alice): <secretflow.device.device.pyu.PYUObject object at 0x7fc5067bcb20>, PYURuntime(bob): <secretflow.device.device.pyu.PYUObject object at 0x7fc5067bc9a0>}, partition_way=<PartitionWay.VERTICAL: 'vertical'>), 'y': <secretflow.device.device.pyu.PYUObject object at 0x7fc5067bd900>, 'batch_size': 64, 'epochs': 1, 'verbose': 1, 'callbacks': [<secretflow.ml.nn.sl.attacks.fia_torch.FeatureInferenceAttack object at 0x7fc4f3156920>], 'validation_data': (FedNdarray(partitions={PYURuntime(alice): <secretflow.device.device.pyu.PYUObject object at 0x7fc5067bd4e0>, PYURuntime(bob): <secretflow.device.device.pyu.PYUObject object at 0x7fc5067bd630>}, partition_way=<PartitionWay.VERTICAL: 'vertical'>), <secretflow.device.device.pyu.PYUObject object at 0x7fc5067bd7e0>), 'shuffle': False, 'sample_weight': None, 'validation_freq': 1, 'dp_spent_step_freq': None, 'dataset_builder': None, 'audit_log_params': {}, 'early_stopping_batch_step': 0, 'early_stopping_warmup_step': 0, 'random_seed': 1234, 'audit_log_dir': None}
100%|█████████▉| 545/546 [00:03<00:00, 147.53it/s, {'train_loss': array(7.033101e-05, dtype=float32), 'train_MulticlassAccuracy': array(0.50760156, dtype=float32), 'train_MulticlassPrecision': array(0.50760156, dtype=float32), 'val_loss': array(4.0557843e-05, dtype=float32), 'val_MulticlassAccuracy': array(0.09241766, dtype=float32), 'val_MulticlassPrecision': array(0.09241766, dtype=float32)}]
INFO:root:In epoch 0, loss is 134.6219940185547
INFO:root:Mean generator loss: 0.06729862408058064
INFO:root:Mean random guess loss: 0.13085983854693337
INFO:root:Mean generator loss Per Feature: [0.01840338 0.06295105 0.03527137 0.10518181 0.01000053 0.0177088
 0.01991608 0.00445482 0.0976196  0.01039368 0.02500079 0.10047502
 0.01851423 0.11748911 0.21148532 0.06469298 0.14898734 0.24863011
 0.00460037 0.02419607]
INFO:root:Mean random guess loss Per Feature: [0.13762095 0.11344108 0.1262776  0.19610003 0.11318755 0.12673377
 0.1159673  0.12811043 0.11377087 0.1302005  0.13241841 0.11502063
 0.13755342 0.11586428 0.11639863 0.18958037 0.12580379 0.1232411
 0.13168105 0.12822502]
INFO:root:In epoch 1, loss is 18.45857048034668
INFO:root:Mean generator loss: 0.07023832435543473
INFO:root:Mean random guess loss: 0.1309827540371869
INFO:root:Mean generator loss Per Feature: [0.02220124 0.07754744 0.03507008 0.08382498 0.01321514 0.02544897
 0.02857853 0.00450683 0.08833207 0.01291375 0.04143951 0.11065284
 0.01845713 0.12824949 0.2562447  0.05406957 0.14255177 0.23908822
 0.00654287 0.01583134]
INFO:root:Mean random guess loss Per Feature: [0.13779268 0.11591219 0.12694881 0.19703221 0.113247   0.12856633
 0.1157869  0.12907539 0.11472961 0.12973518 0.13125527 0.11148092
 0.1372875  0.11859827 0.11307136 0.19327029 0.12663233 0.12265811
 0.12840871 0.12816603]
INFO:root:In epoch 2, loss is 9.196152687072754
INFO:root:Mean generator loss: 0.06765757448769905
INFO:root:Mean random guess loss: 0.13092416718199446
INFO:root:Mean generator loss Per Feature: [0.0216092  0.07556778 0.03327124 0.08094784 0.01241079 0.02670937
 0.02585294 0.00482996 0.08608929 0.01332263 0.04162057 0.10532971
 0.01804951 0.1209477  0.24183738 0.05317154 0.1396409  0.23142753
 0.00699082 0.01352479]
INFO:root:Mean random guess loss Per Feature: [0.13696681 0.11432256 0.12694768 0.19341734 0.11441079 0.12922334
 0.11417282 0.12766801 0.1106517  0.13323504 0.13125747 0.11514133
 0.13882984 0.11517857 0.11506932 0.19209203 0.12767155 0.12280166
 0.1309021  0.12852339]
INFO:root:In epoch 3, loss is 8.088404655456543
INFO:root:Mean generator loss: 0.06450411693469899
INFO:root:Mean random guess loss: 0.1306920957323667
INFO:root:Mean generator loss Per Feature: [0.02064874 0.07360148 0.03183071 0.07843569 0.01156096 0.02647168
 0.02268101 0.00527234 0.08335639 0.01373449 0.04058875 0.09868608
 0.01699635 0.11667393 0.22149617 0.05251173 0.13357517 0.22309884
 0.0068124  0.01204944]
INFO:root:Mean random guess loss Per Feature: [0.13871146 0.11378812 0.1257189  0.18972974 0.11563693 0.12975621
 0.11842047 0.1281416  0.11671665 0.13062664 0.12987379 0.11361304
 0.13896491 0.11334174 0.11282082 0.19296657 0.12503175 0.1233574
 0.12979279 0.12683239]
INFO:root:In epoch 4, loss is 7.489171981811523
INFO:root:Mean generator loss: 0.06125516750522562
INFO:root:Mean random guess loss: 0.13038696147300102
INFO:root:Mean generator loss Per Feature: [0.02026816 0.06989267 0.03003439 0.07667706 0.01071769 0.02383702
 0.02003529 0.00537378 0.08067013 0.0133623  0.03956931 0.09136144
 0.01623604 0.109072   0.20533926 0.05174119 0.13133731 0.21169638
 0.00632123 0.01156068]
INFO:root:Mean random guess loss Per Feature: [0.13870628 0.11331013 0.1253555  0.19051669 0.11702079 0.13003305
 0.11632053 0.12744218 0.11271146 0.13379664 0.13118145 0.11461826
 0.13893058 0.1124393  0.11332669 0.19228392 0.12498627 0.1206155
 0.12729401 0.12684997]
INFO:root:In epoch 5, loss is 7.051276206970215
INFO:root:Mean generator loss: 0.05866989455110318
INFO:root:Mean random guess loss: 0.13072715788274197
INFO:root:Mean generator loss Per Feature: [0.01986632 0.06709741 0.02836568 0.07590241 0.0101152  0.02233998
 0.01770324 0.00563643 0.07786389 0.01356975 0.03887603 0.08514766
 0.01578211 0.10393085 0.19077622 0.05147265 0.12736932 0.20413909
 0.00645103 0.01099262]
INFO:root:Mean random guess loss Per Feature: [0.14011708 0.11400175 0.12658544 0.19377635 0.11189473 0.13003058
 0.11712403 0.12979216 0.11510579 0.13227097 0.13128643 0.1148928
 0.13720898 0.11381645 0.11095013 0.19031771 0.12645747 0.12334563
 0.12806278 0.12750589]
INFO:root:In epoch 6, loss is 6.754606246948242
INFO:root:Mean generator loss: 0.05600099674350507
INFO:root:Mean random guess loss: 0.13116317190028526
INFO:root:Mean generator loss Per Feature: [0.0194737  0.06576371 0.02648463 0.07471023 0.00956405 0.02103887
 0.01609313 0.00577898 0.07330698 0.01385007 0.038582   0.07976795
 0.0151622  0.09902708 0.1769827  0.05097886 0.12252155 0.19360384
 0.00648731 0.0108421 ]
INFO:root:Mean random guess loss Per Feature: [0.13946442 0.1146732  0.12486453 0.19847655 0.11337453 0.12869642
 0.11562827 0.12987363 0.11392124 0.13193007 0.12849386 0.11383394
 0.13859141 0.11612466 0.11746754 0.19293638 0.1278061  0.12064421
 0.1286104  0.12785208]
INFO:root:In epoch 7, loss is 6.414234638214111
INFO:root:Mean generator loss: 0.05364773484903413
INFO:root:Mean random guess loss: 0.13120726346969605
INFO:root:Mean generator loss Per Feature: [0.01861705 0.06332127 0.0249598  0.07348695 0.00934062 0.01978402
 0.01517825 0.00618343 0.07109901 0.014305   0.03914337 0.07435357
 0.01492115 0.09423516 0.16391178 0.05097498 0.11742242 0.18551632
 0.00616546 0.01003508]
INFO:root:Mean random guess loss Per Feature: [0.14107671 0.11381906 0.12377588 0.19258733 0.11742728 0.12938236
 0.11371436 0.12602826 0.12009749 0.13125276 0.13249705 0.11630897
 0.13818725 0.11665949 0.11688287 0.19053012 0.12630536 0.1226482
 0.12746142 0.12750303]
INFO:root:In epoch 8, loss is 6.208139896392822
INFO:root:Mean generator loss: 0.05144813636670242
INFO:root:Mean random guess loss: 0.13093286289556608
INFO:root:Mean generator loss Per Feature: [0.01807233 0.06092686 0.02357201 0.07335912 0.00881769 0.01813632
 0.01444056 0.00643299 0.06979305 0.01453105 0.03809975 0.06980101
 0.01460084 0.08858854 0.14993343 0.05106891 0.11606778 0.1777004
 0.00607599 0.00894411]
INFO:root:Mean random guess loss Per Feature: [0.14030738 0.11258066 0.1266185  0.19378411 0.11613068 0.12901658
 0.11472324 0.12907524 0.11608039 0.13099161 0.13130358 0.11490242
 0.13952056 0.114993   0.11078956 0.19327237 0.12632585 0.12191143
 0.12880325 0.12752684]
INFO:root:In epoch 9, loss is 5.982526779174805
INFO:root:Mean generator loss: 0.04937453247808121
INFO:root:Mean random guess loss: 0.13121958701191722
INFO:root:Mean generator loss Per Feature: [0.01770746 0.06005308 0.02198502 0.07178059 0.00893949 0.01813939
 0.01264058 0.00679954 0.0653325  0.01564568 0.03812151 0.06600402
 0.01459892 0.08530376 0.13921657 0.0504955  0.10890059 0.17097591
 0.00647431 0.00837624]
INFO:root:Mean random guess loss Per Feature: [0.13980236 0.11424291 0.12813158 0.19219079 0.11366717 0.1279713
 0.11835496 0.12906207 0.11653063 0.13092899 0.13102786 0.11525277
 0.13685265 0.11452493 0.11533157 0.19588631 0.1240778  0.12061657
 0.13037456 0.12956395]
INFO:root:In epoch 10, loss is 5.7367634773254395
INFO:root:Mean generator loss: 0.04758800614524532
INFO:root:Mean random guess loss: 0.1308482447588766
INFO:root:Mean generator loss Per Feature: [0.01741659 0.05835271 0.02104043 0.07065015 0.00861042 0.01776645
 0.01173054 0.00686365 0.06319566 0.01610857 0.03870249 0.06177235
 0.01449406 0.08132884 0.12919074 0.05028417 0.10636457 0.16424988
 0.00630161 0.00733625]
INFO:root:Mean random guess loss Per Feature: [0.13968849 0.11605695 0.12429917 0.19239977 0.11248002 0.12752226
 0.11387104 0.12902221 0.11808165 0.13209262 0.13114665 0.11330219
 0.1394611  0.1163838  0.11198325 0.19215898 0.12748769 0.12014213
 0.13077931 0.12860561]
INFO:root:In epoch 11, loss is 5.664002418518066
INFO:root:Mean generator loss: 0.04566539753530476
INFO:root:Mean random guess loss: 0.13137814728794872
INFO:root:Mean generator loss Per Feature: [0.01710689 0.05678304 0.01966313 0.07010862 0.00829536 0.01690229
 0.01067333 0.00687861 0.06008328 0.01701069 0.03757727 0.05840914
 0.01460294 0.07787205 0.11856385 0.05039693 0.10180072 0.15707279
 0.00649636 0.00701065]
INFO:root:Mean random guess loss Per Feature: [0.14202375 0.1151325  0.12586009 0.19465049 0.11133835 0.12894456
 0.11625949 0.12937666 0.11269677 0.13209219 0.12959208 0.11776475
 0.13969838 0.11835183 0.11469308 0.1899601  0.12893441 0.12338184
 0.13005777 0.12675385]
INFO:root:In epoch 12, loss is 5.416640281677246
INFO:root:Mean generator loss: 0.0437848248594516
INFO:root:Mean random guess loss: 0.13059775164803944
INFO:root:Mean generator loss Per Feature: [0.01667502 0.05479445 0.01831509 0.06970707 0.00817809 0.01521423
 0.00975591 0.00700571 0.0575412  0.01778774 0.03775035 0.05509698
 0.01459819 0.07502216 0.11130961 0.05037558 0.09695729 0.14644392
 0.00657959 0.00658832]
INFO:root:Mean random guess loss Per Feature: [0.13928521 0.11511053 0.12584257 0.19055031 0.11530653 0.12921207
 0.11453104 0.12939726 0.11590667 0.12980804 0.130459   0.11014391
 0.14128683 0.11472916 0.11181978 0.19333258 0.12705558 0.12103014
 0.1306411  0.12650672]
INFO:root:In epoch 13, loss is 5.191076278686523
INFO:root:Mean generator loss: 0.04240113275276648
INFO:root:Mean random guess loss: 0.13134751682345933
INFO:root:Mean generator loss Per Feature: [0.01644107 0.05375425 0.01699848 0.06880297 0.0081198  0.01556632
 0.00913572 0.00699177 0.05497202 0.01861218 0.03775701 0.05261689
 0.01456101 0.07376252 0.1031512  0.05007751 0.09235837 0.1417672
 0.0064508  0.00612558]
INFO:root:Mean random guess loss Per Feature: [0.13669329 0.11969765 0.12589327 0.19054241 0.1141879  0.12886568
 0.11581001 0.12767387 0.11899973 0.12985605 0.13034592 0.11535362
 0.14008167 0.12000739 0.11138921 0.19278543 0.12626799 0.12359595
 0.12967583 0.12922745]
INFO:root:In epoch 14, loss is 5.150506496429443
INFO:root:Mean generator loss: 0.04113861521756327
INFO:root:Mean random guess loss: 0.13067620396614074
INFO:root:Mean generator loss Per Feature: [0.01625126 0.05201969 0.01573327 0.06907761 0.00772808 0.01575885
 0.00907446 0.00719896 0.05435994 0.01862802 0.03698213 0.04931633
 0.01457959 0.07127394 0.09730534 0.04985102 0.08952227 0.13638608
 0.00654506 0.0051804 ]
INFO:root:Mean random guess loss Per Feature: [0.13816224 0.11145182 0.12708078 0.19063424 0.11658967 0.12867896
 0.11574809 0.12819524 0.11344981 0.13196906 0.12922102 0.11085043
 0.1386114  0.11691036 0.11691816 0.19272327 0.12635147 0.12282344
 0.13011546 0.12703916]
INFO:root:In epoch 15, loss is 5.0742878913879395
INFO:root:Mean generator loss: 0.039905904877830196
INFO:root:Mean random guess loss: 0.1309343471317678
INFO:root:Mean generator loss Per Feature: [0.01605516 0.0505649  0.01462397 0.06848313 0.0076053  0.0158175
 0.00807098 0.00738574 0.05227788 0.01892738 0.03633491 0.04781187
 0.0146691  0.06959946 0.09007288 0.04953599 0.08688273 0.13217282
 0.00670837 0.00451803]
INFO:root:Mean random guess loss Per Feature: [0.13764944 0.11543324 0.12497638 0.19028932 0.11603254 0.12838404
 0.11594615 0.12617496 0.11425103 0.13078104 0.13087209 0.11400774
 0.13935374 0.11656915 0.11507111 0.19565419 0.12724569 0.12353676
 0.12757064 0.12888768]
INFO:root:In epoch 16, loss is 4.859580993652344
INFO:root:Mean generator loss: 0.03872942879191927
INFO:root:Mean random guess loss: 0.13085559469622535
INFO:root:Mean generator loss Per Feature: [0.01607824 0.04951702 0.014278   0.0680616  0.00748285 0.01519609
 0.00767907 0.00772967 0.05003279 0.01906793 0.03714576 0.04477316
 0.01474017 0.06665056 0.08528074 0.049321   0.08437286 0.12654669
 0.00657662 0.00405775]
INFO:root:Mean random guess loss Per Feature: [0.13878793 0.11460156 0.12334121 0.19500051 0.11337083 0.12781249
 0.11383901 0.12809547 0.11436648 0.13151681 0.13214089 0.11428546
 0.13839965 0.11498672 0.1154809  0.19358985 0.12669117 0.12241393
 0.13041267 0.12797836]
INFO:root:In epoch 17, loss is 4.831199645996094
INFO:root:Mean generator loss: 0.03772334788699408
INFO:root:Mean random guess loss: 0.13046219896625827
INFO:root:Mean generator loss Per Feature: [0.01612781 0.04823003 0.0141629  0.06764741 0.00746406 0.01555444
 0.00698476 0.00760077 0.04756769 0.01954627 0.0370673  0.04260506
 0.01473531 0.06362395 0.0811153  0.04893171 0.08182567 0.12306439
 0.00667235 0.00393977]
INFO:root:Mean random guess loss Per Feature: [0.13650539 0.11315396 0.12634795 0.19406153 0.11263643 0.12821208
 0.11544389 0.12752566 0.11278927 0.13066036 0.13065901 0.11141217
 0.14012935 0.11775911 0.11573066 0.1912476  0.12578027 0.12249901
 0.12982278 0.12686751]
INFO:root:In epoch 18, loss is 4.754351615905762
INFO:root:Mean generator loss: 0.03662269338965416
INFO:root:Mean random guess loss: 0.131009632026827
INFO:root:Mean generator loss Per Feature: [0.01612787 0.046732   0.01427191 0.06668678 0.00736054 0.01502437
 0.00673314 0.00750656 0.04547129 0.01955621 0.03694649 0.0401934
 0.01488488 0.06143958 0.07704926 0.04930496 0.07905278 0.11824791
 0.00623508 0.00362884]
INFO:root:Mean random guess loss Per Feature: [0.13796357 0.11507058 0.12629971 0.19367916 0.11273366 0.12810104
 0.1157698  0.12864513 0.11293431 0.13138395 0.13232945 0.11377425
 0.14128905 0.11327219 0.11587266 0.1917395  0.12936237 0.12278945
 0.12839882 0.12878402]
INFO:root:In epoch 19, loss is 4.615151405334473
INFO:root:Mean generator loss: 0.03574430397837549
INFO:root:Mean random guess loss: 0.13032947367913014
INFO:root:Mean generator loss Per Feature: [0.01616908 0.04570467 0.01369591 0.06609824 0.00736023 0.01483145
 0.00646792 0.00748194 0.04382418 0.02015461 0.03667564 0.03869322
 0.01486753 0.0596259  0.07405851 0.04948756 0.07587212 0.11421596
 0.00632342 0.00327797]
INFO:root:Mean random guess loss Per Feature: [0.13925143 0.11826992 0.12628172 0.19138034 0.11640615 0.12841282
 0.11572817 0.12643892 0.11169743 0.13142193 0.13134774 0.11465289
 0.13862624 0.11314976 0.11435417 0.18701381 0.12876142 0.12042057
 0.12737838 0.12559566]
INFO:root:In epoch 20, loss is 4.5946455001831055
INFO:root:Mean generator loss: 0.03497510155713236
INFO:root:Mean random guess loss: 0.130611197690706
INFO:root:Mean generator loss Per Feature: [0.01615206 0.04517857 0.01324564 0.06548113 0.00728922 0.01545856
 0.00581491 0.00714052 0.04227801 0.02063799 0.03608617 0.03703607
 0.01489082 0.05672294 0.0711613  0.04946738 0.07502095 0.11104517
 0.00631887 0.00307576]
INFO:root:Mean random guess loss Per Feature: [0.13994771 0.1131529  0.1259924  0.19146233 0.11600423 0.12709269
 0.11490828 0.12675012 0.11165374 0.13242322 0.12892927 0.11547939
 0.13795504 0.11391946 0.11368387 0.19444814 0.12769573 0.12272435
 0.12900137 0.12899972]
INFO:root:In epoch 21, loss is 4.5915327072143555
INFO:root:Mean generator loss: 0.03413971819587656
INFO:root:Mean random guess loss: 0.1309612605217341
INFO:root:Mean generator loss Per Feature: [0.01614839 0.04388132 0.01326015 0.06502014 0.00724081 0.01572421
 0.00553015 0.00716622 0.04056198 0.02091859 0.03512314 0.03582835
 0.01503211 0.05509082 0.06689759 0.04972641 0.07245734 0.10819916
 0.00612158 0.0028659 ]
INFO:root:Mean random guess loss Per Feature: [0.13921981 0.11520194 0.12676307 0.19459691 0.11468331 0.12804465
 0.11560502 0.12694622 0.1118839  0.13108221 0.13269848 0.11370534
 0.13954095 0.11743622 0.1138609  0.19188538 0.12682548 0.12196389
 0.12995551 0.127326  ]
INFO:root:In epoch 22, loss is 4.482762813568115
INFO:root:Mean generator loss: 0.03328901034956043
INFO:root:Mean random guess loss: 0.1309438961985949
INFO:root:Mean generator loss Per Feature: [0.01612518 0.04357615 0.01256954 0.0647171  0.00697677 0.01547671
 0.0051431  0.00690708 0.03920938 0.0206764  0.03523114 0.03436815
 0.01512937 0.05326569 0.06425989 0.04972969 0.07011048 0.10358949
 0.00620246 0.00251643]
INFO:root:Mean random guess loss Per Feature: [0.14244206 0.11462465 0.12650617 0.19397062 0.11549082 0.12903532
 0.11525114 0.12639359 0.11864491 0.13204898 0.13105082 0.11286594
 0.13916251 0.11268721 0.11517144 0.19039878 0.12673329 0.12036366
 0.12994718 0.12608884]
INFO:root:In epoch 23, loss is 4.483457565307617
INFO:root:Mean generator loss: 0.03271652541651919
INFO:root:Mean random guess loss: 0.13107984400278813
INFO:root:Mean generator loss Per Feature: [0.01617084 0.04202178 0.01219936 0.06450837 0.00690446 0.01523972
 0.00498186 0.00659965 0.03805414 0.02041637 0.03481572 0.03282452
 0.01524564 0.05054496 0.06229895 0.04980082 0.07093807 0.10203294
 0.00623554 0.00249682]
INFO:root:Mean random guess loss Per Feature: [0.1422024  0.11435828 0.12514678 0.19073636 0.11410569 0.1286441
 0.1160546  0.12939987 0.11520995 0.13085033 0.13028658 0.11654723
 0.13980484 0.11591825 0.11500846 0.1913207  0.12742918 0.12008049
 0.13082676 0.12766602]
INFO:root:In epoch 24, loss is 4.445383548736572
INFO:root:Mean generator loss: 0.03222519728178914
INFO:root:Mean random guess loss: 0.13083400416213112
INFO:root:Mean generator loss Per Feature: [0.0162735  0.04212228 0.01232074 0.06304647 0.00695082 0.01575082
 0.00471552 0.00657957 0.03678399 0.02093126 0.0357972  0.03125809
 0.01544717 0.04879038 0.06052445 0.04958266 0.06961464 0.09930252
 0.00650109 0.00221077]
INFO:root:Mean random guess loss Per Feature: [0.13927397 0.11399144 0.1259611  0.19051205 0.11399895 0.12987903
 0.1155237  0.12749318 0.1093864  0.13235137 0.1305344  0.11563757
 0.14200782 0.11665136 0.11321873 0.19318482 0.12754113 0.12111901
 0.12958877 0.12882528]
INFO:root:In epoch 25, loss is 4.4084320068359375
INFO:root:Mean generator loss: 0.03168859949989899
INFO:root:Mean random guess loss: 0.13107182588931676
INFO:root:Mean generator loss Per Feature: [0.01624199 0.04098856 0.01204633 0.06288305 0.00681863 0.0158238
 0.00421239 0.00640183 0.03577682 0.02085624 0.03532916 0.03038413
 0.01561229 0.047528   0.05746514 0.05006465 0.06873409 0.09796802
 0.00657487 0.00206199]
INFO:root:Mean random guess loss Per Feature: [0.13834247 0.11576103 0.1260789  0.19245153 0.11691489 0.12803088
 0.11380723 0.12791212 0.11598478 0.12888434 0.1309911  0.11482196
 0.14032465 0.11578195 0.11443518 0.19246872 0.12690891 0.12325703
 0.13042522 0.12785363]
INFO:root:In epoch 26, loss is 4.350096225738525
INFO:root:Mean generator loss: 0.031203481706010328
INFO:root:Mean random guess loss: 0.13115260383567295
INFO:root:Mean generator loss Per Feature: [0.01628972 0.04027788 0.01144037 0.06218051 0.00680184 0.01564673
 0.00407017 0.00609388 0.03468834 0.02049827 0.03565919 0.02925009
 0.01575677 0.04521719 0.05631777 0.05027384 0.06983728 0.09542743
 0.00647692 0.00186543]
INFO:root:Mean random guess loss Per Feature: [0.13981314 0.11456683 0.12496562 0.1939003  0.1163564  0.12892726
 0.11312416 0.12614431 0.11288347 0.13132565 0.13117089 0.11646293
 0.13951461 0.1156458  0.11479193 0.19843025 0.12581787 0.12174128
 0.13050193 0.12696745]
INFO:root:In epoch 27, loss is 4.295462608337402
INFO:root:Mean generator loss: 0.030501751873541524
INFO:root:Mean random guess loss: 0.13029972262479164
INFO:root:Mean generator loss Per Feature: [0.01633735 0.03896891 0.01030781 0.0621514  0.00669712 0.01498608
 0.00402905 0.00570637 0.03434802 0.02077221 0.0346094  0.02932666
 0.01562182 0.04470288 0.05364179 0.05045851 0.06783607 0.09122276
 0.00644921 0.00186162]
INFO:root:Mean random guess loss Per Feature: [0.13703467 0.11563602 0.1253014  0.19356814 0.11280041 0.12873466
 0.11137009 0.12832303 0.1115935  0.1319395  0.13055728 0.11364863
 0.13728961 0.11538568 0.11345729 0.19008832 0.12673268 0.12401537
 0.13104475 0.12747341]
INFO:root:In epoch 28, loss is 4.252023220062256
INFO:root:Mean generator loss: 0.030018672639051
INFO:root:Mean random guess loss: 0.1306731165260882
INFO:root:Mean generator loss Per Feature: [0.01628432 0.03865678 0.01035368 0.06226845 0.00667284 0.01489542
 0.0038209  0.00590464 0.0328346  0.02062179 0.0351848  0.02783364
 0.01572692 0.04360722 0.05219913 0.05014705 0.06635095 0.08894012
 0.00631115 0.00175906]
INFO:root:Mean random guess loss Per Feature: [0.13739613 0.11767488 0.12378176 0.18947651 0.11242925 0.12793205
 0.11571264 0.12644959 0.11426168 0.12951948 0.13036235 0.11830491
 0.14032221 0.11562756 0.11523522 0.19334596 0.12573126 0.12127703
 0.13190531 0.12671656]
INFO:root:In epoch 29, loss is 4.213505268096924
INFO:root:Mean generator loss: 0.029482077615889342
INFO:root:Mean random guess loss: 0.13064507161443298
INFO:root:Mean generator loss Per Feature: [0.01625009 0.03800649 0.01032806 0.06165422 0.00661541 0.01448895
 0.0039837  0.00559673 0.03247375 0.02107789 0.03458821 0.0266253
 0.01555871 0.04184881 0.05112896 0.05031585 0.06477662 0.08640726
 0.00625175 0.00166482]
INFO:root:Mean random guess loss Per Feature: [0.13906524 0.11492025 0.12689803 0.19298982 0.11540364 0.12969872
 0.11607403 0.12640254 0.11526681 0.13107786 0.13001211 0.1112064
 0.13962965 0.1116424  0.11426287 0.18990528 0.12772223 0.12383826
 0.12926221 0.12762307]
INFO:root:In epoch 30, loss is 4.248973846435547
INFO:root:Mean generator loss: 0.029002731112209527
INFO:root:Mean random guess loss: 0.13060279625493126
INFO:root:Mean generator loss Per Feature: [0.01638971 0.03674168 0.00994952 0.06136897 0.00657519 0.01432657
 0.0037588  0.00527541 0.03155117 0.02140631 0.03419272 0.0261852
 0.01549751 0.04108447 0.04886068 0.05056385 0.06340766 0.08465334
 0.00654925 0.00171662]
INFO:root:Mean random guess loss Per Feature: [0.13943168 0.11526086 0.12393647 0.19094953 0.11531649 0.12905194
 0.11329666 0.12878447 0.11520268 0.13047723 0.13298019 0.11125499
 0.13808342 0.11645136 0.11207086 0.19087866 0.12636322 0.12371059
 0.13070667 0.12784792]
INFO:root:In epoch 31, loss is 4.183836936950684
INFO:root:Mean generator loss: 0.028575020233118857
INFO:root:Mean random guess loss: 0.13103680952980712
INFO:root:Mean generator loss Per Feature: [0.01636105 0.0365858  0.00949322 0.06093343 0.00644023 0.01489435
 0.00342712 0.00520691 0.03097537 0.02105892 0.03407122 0.02540771
 0.01549565 0.03970276 0.04652581 0.05086886 0.06311283 0.08301279
 0.00626163 0.00166473]
INFO:root:Mean random guess loss Per Feature: [0.13873124 0.11470742 0.12820034 0.18978961 0.11320939 0.12791499
 0.11635853 0.12768953 0.11237037 0.13001811 0.13287099 0.12086027
 0.14039707 0.11646883 0.1143854  0.19063316 0.12739786 0.12255242
 0.1305166  0.12566408]
INFO:root:In epoch 32, loss is 4.26513147354126
INFO:root:Mean generator loss: 0.028345138025847642
INFO:root:Mean random guess loss: 0.13074470963832494
INFO:root:Mean generator loss Per Feature: [0.0164023  0.03604171 0.00898275 0.06108367 0.00626585 0.01469798
 0.00321004 0.00506339 0.03010248 0.02098744 0.03463983 0.02506659
 0.01574353 0.03921808 0.04544857 0.05058529 0.06312654 0.08183352
 0.00674964 0.00165355]
INFO:root:Mean random guess loss Per Feature: [0.13782656 0.116736   0.12508933 0.19069329 0.11203945 0.12836048
 0.11505661 0.12857902 0.11699503 0.13199149 0.13024572 0.11414756
 0.13808352 0.11626669 0.11346164 0.19268838 0.12642505 0.12339715
 0.12954035 0.12727086]
INFO:root:In epoch 33, loss is 4.175693511962891
INFO:root:Mean generator loss: 0.027862466589824574
INFO:root:Mean random guess loss: 0.13097931996390627
INFO:root:Mean generator loss Per Feature: [0.01640979 0.03532838 0.00868174 0.0604295  0.00630045 0.01467878
 0.00305458 0.00502111 0.02936874 0.02123452 0.03385268 0.02452896
 0.01583255 0.03800353 0.04310843 0.05106698 0.06222842 0.08003669
 0.00643924 0.00164425]
INFO:root:Mean random guess loss Per Feature: [0.13955674 0.1139705  0.12535406 0.19247665 0.11665461 0.127947
 0.11238612 0.12668864 0.11264445 0.1322599  0.13195775 0.11630267
 0.1414299  0.11832905 0.1140527  0.19311263 0.12609664 0.11918533
 0.13191435 0.12726673]
INFO:root:In epoch 34, loss is 4.2091875076293945
INFO:root:Mean generator loss: 0.027648751065135
INFO:root:Mean random guess loss: 0.13142214667152713
INFO:root:Mean generator loss Per Feature: [0.01641505 0.03438541 0.00898502 0.06021975 0.00620498 0.0144763
 0.00303662 0.0049129  0.02876791 0.0213074  0.03426657 0.02378176
 0.01575013 0.03660673 0.0423788  0.05135691 0.06283762 0.07926626
 0.00634452 0.00167439]
INFO:root:Mean random guess loss Per Feature: [0.14161796 0.11616539 0.12724319 0.19205842 0.11652534 0.1286908
 0.11673326 0.12771547 0.11651194 0.1318409  0.13128387 0.1154343
 0.13928076 0.11283976 0.11440146 0.19255807 0.12747774 0.12172724
 0.13040287 0.1279342 ]
INFO:root:In epoch 35, loss is 4.162425518035889
INFO:root:Mean generator loss: 0.02709153707365732
INFO:root:Mean random guess loss: 0.13093049405394375
INFO:root:Mean generator loss Per Feature: [0.01649181 0.03410939 0.00858209 0.0602491  0.00611488 0.01439337
 0.00299656 0.00487249 0.02796956 0.02079096 0.03386676 0.02307876
 0.0158172  0.03556685 0.03991205 0.05117231 0.06078489 0.07706437
 0.00635451 0.00164284]
INFO:root:Mean random guess loss Per Feature: [0.13944664 0.11224427 0.1270298  0.19564352 0.11475473 0.12931925
 0.1140678  0.12680844 0.11598569 0.13264263 0.13243096 0.11511346
 0.13639121 0.11657016 0.11464199 0.19159841 0.12548546 0.12130758
 0.12935716 0.12777072]
INFO:root:In epoch 36, loss is 4.133877754211426
INFO:root:Mean generator loss: 0.02677192897410006
INFO:root:Mean random guess loss: 0.13133739257181012
INFO:root:Mean generator loss Per Feature: [0.016397   0.03342132 0.00883843 0.05995248 0.00609414 0.01430169
 0.0028126  0.00485154 0.02756309 0.02112536 0.03389573 0.02230456
 0.01584753 0.03432132 0.03879335 0.05176731 0.06029115 0.07491385
 0.0062825  0.00166362]
INFO:root:Mean random guess loss Per Feature: [0.14087988 0.11570325 0.12578438 0.19535861 0.11609043 0.12912799
 0.11400002 0.12748793 0.11690538 0.13128049 0.13193084 0.11460919
 0.14016191 0.11321836 0.11409881 0.1931377  0.12607022 0.12299319
 0.13131698 0.12659226]
INFO:root:In epoch 37, loss is 4.026198387145996
INFO:root:Mean generator loss: 0.026404749008046614
INFO:root:Mean random guess loss: 0.1307501172294488
INFO:root:Mean generator loss Per Feature: [0.0164588  0.03275295 0.0084845  0.05952991 0.00616069 0.01428464
 0.00256813 0.00484021 0.02676637 0.02113231 0.03385448 0.02190912
 0.01581447 0.03379904 0.03813242 0.0517493  0.05896734 0.07302693
 0.00620186 0.0016615 ]
INFO:root:Mean random guess loss Per Feature: [0.13912578 0.11448795 0.12700871 0.18795673 0.11216183 0.12921997
 0.11806146 0.1278056  0.11405588 0.13159358 0.13196117 0.11616719
 0.14073371 0.11374149 0.11459787 0.19354033 0.12569273 0.12281001
 0.12739179 0.12688857]
INFO:root:In epoch 38, loss is 4.065834045410156
INFO:root:Mean generator loss: 0.02598376052605139
INFO:root:Mean random guess loss: 0.13076864126566293
INFO:root:Mean generator loss Per Feature: [0.0164673  0.03230178 0.00821565 0.0595151  0.00618529 0.01410199
 0.00253712 0.0046864  0.02546054 0.02112194 0.03370235 0.02123394
 0.01588276 0.03264176 0.03666328 0.05175787 0.05764571 0.0718115
 0.00610636 0.00163658]
INFO:root:Mean random guess loss Per Feature: [0.13983674 0.11333365 0.12764922 0.19245278 0.11569406 0.12846466
 0.11505476 0.1275032  0.11508103 0.13211314 0.13131208 0.11307131
 0.13968728 0.11414564 0.11270007 0.18999697 0.12915237 0.12251024
 0.12868339 0.12693024]
INFO:root:In epoch 39, loss is 3.9952375888824463
INFO:root:Mean generator loss: 0.025712327618856688
INFO:root:Mean random guess loss: 0.12997988776580707
INFO:root:Mean generator loss Per Feature: [0.01642572 0.03179271 0.00827881 0.05890352 0.00599759 0.01388774
 0.00249792 0.00465436 0.02491283 0.02102546 0.03323598 0.0208532
 0.01600509 0.031698   0.03576474 0.05205953 0.05777806 0.0707468
 0.00609065 0.00163786]
INFO:root:Mean random guess loss Per Feature: [0.13951991 0.11431554 0.12592439 0.19170727 0.10983397 0.12805021
 0.11831826 0.12594471 0.11262252 0.13071772 0.13129542 0.10961532
 0.14067817 0.1143029  0.11483535 0.19004729 0.12689717 0.12018053
 0.12858687 0.12620423]
INFO:root:In epoch 40, loss is 3.963792324066162
INFO:root:Mean generator loss: 0.025230209479058113
INFO:root:Mean random guess loss: 0.13050284546774787
INFO:root:Mean generator loss Per Feature: [0.01650831 0.03101743 0.00752026 0.05908832 0.00599498 0.01339509
 0.0024835  0.00440362 0.02429627 0.02087988 0.03289931 0.02046278
 0.01584726 0.03153892 0.0342229  0.0527211  0.05483139 0.06861907
 0.00615047 0.00172333]
INFO:root:Mean random guess loss Per Feature: [0.13854533 0.11201889 0.12587761 0.19305599 0.11447692 0.12842345
 0.11630403 0.12998147 0.11314149 0.13180891 0.13103435 0.11311617
 0.13749662 0.11711186 0.1107163  0.19132266 0.12453587 0.12450383
 0.12928139 0.12730374]
INFO:root:In epoch 41, loss is 3.920738697052002
INFO:root:Mean generator loss: 0.024988143548772143
INFO:root:Mean random guess loss: 0.13079733526384507
INFO:root:Mean generator loss Per Feature: [0.01652851 0.03040781 0.007657   0.0583644  0.00592977 0.01346577
 0.00218895 0.00453013 0.02362279 0.02064173 0.03263505 0.01966965
 0.01589627 0.03038583 0.03334399 0.05312537 0.05610398 0.06772224
 0.00597952 0.00156411]
INFO:root:Mean random guess loss Per Feature: [0.14009841 0.11640759 0.12429556 0.19017885 0.11120666 0.1293108
 0.11541192 0.1271572  0.11478594 0.12914559 0.13145353 0.11710215
 0.13955855 0.1174832  0.11389655 0.1920043  0.13023707 0.12143144
 0.12802045 0.12676097]
INFO:root:In epoch 42, loss is 3.909116744995117
INFO:root:Mean generator loss: 0.024527640348753415
INFO:root:Mean random guess loss: 0.13090031984690073
INFO:root:Mean generator loss Per Feature: [0.01644785 0.02977099 0.00724318 0.05808349 0.00594985 0.0136104
 0.00205498 0.00443926 0.0227334  0.02075064 0.03197298 0.01952698
 0.01576569 0.02930602 0.03246074 0.05302564 0.05394714 0.06608977
 0.00580775 0.00156606]
INFO:root:Mean random guess loss Per Feature: [0.13907665 0.11475909 0.12451774 0.19168166 0.1161341  0.12827652
 0.11704494 0.12607567 0.11600932 0.13197804 0.13045168 0.11589792
 0.13772795 0.11368851 0.1152185  0.18952284 0.12660359 0.1245557
 0.13101527 0.12777072]
INFO:root:In epoch 43, loss is 3.8281755447387695
INFO:root:Mean generator loss: 0.024308139780485953
INFO:root:Mean random guess loss: 0.13028315938002355
INFO:root:Mean generator loss Per Feature: [0.01639896 0.02968962 0.00722434 0.05744011 0.00584677 0.01370558
 0.00196929 0.00439398 0.0225483  0.0212897  0.03116658 0.01898988
 0.01576807 0.02841063 0.03117303 0.05371239 0.05380309 0.06545142
 0.00553355 0.00164751]
INFO:root:Mean random guess loss Per Feature: [0.13991123 0.10940871 0.12631237 0.19157464 0.11392194 0.12853386
 0.11359274 0.12865217 0.11312455 0.13099687 0.1308964  0.11421716
 0.14033815 0.11688903 0.11399715 0.1938175  0.12421211 0.12032368
 0.12824361 0.12669934]
INFO:root:In epoch 44, loss is 3.8492467403411865
INFO:root:Mean generator loss: 0.023921419005538968
INFO:root:Mean random guess loss: 0.1309820649188918
INFO:root:Mean generator loss Per Feature: [0.01644035 0.02943942 0.00680407 0.0571169  0.00580002 0.0133003
 0.00187179 0.0041637  0.02186755 0.02060102 0.03101586 0.0186083
 0.01582724 0.02793133 0.03124566 0.05392802 0.05268198 0.06234495
 0.00575409 0.00168585]
INFO:root:Mean random guess loss Per Feature: [0.1393018  0.11535123 0.12631148 0.19140896 0.11360455 0.12857505
 0.11551654 0.1293529  0.11583275 0.13153949 0.13117843 0.11353545
 0.14054696 0.11474326 0.11591249 0.1939306  0.12501191 0.12467058
 0.1265556  0.12676127]
INFO:root:In epoch 45, loss is 3.766547203063965
INFO:root:Mean generator loss: 0.02365846303669182
INFO:root:Mean random guess loss: 0.13081390857696534
INFO:root:Mean generator loss Per Feature: [0.01645381 0.02875452 0.00678389 0.05651123 0.00567008 0.01294489
 0.00194994 0.00409717 0.02181839 0.02088962 0.03026606 0.01827869
 0.0156327  0.02739461 0.03067848 0.05386104 0.05206543 0.06176436
 0.00570497 0.00164938]
INFO:root:Mean random guess loss Per Feature: [0.13869758 0.11533431 0.12562084 0.19136593 0.11305138 0.12779142
 0.11185884 0.12796507 0.1132469  0.13067097 0.13062387 0.11599788
 0.14104283 0.11906992 0.11593292 0.19341045 0.12677961 0.12121581
 0.1293464  0.12725524]
INFO:root:In epoch 46, loss is 3.7798774242401123
INFO:root:Mean generator loss: 0.02326625430503407
INFO:root:Mean random guess loss: 0.13111374938004725
INFO:root:Mean generator loss Per Feature: [0.01640107 0.02819325 0.00585427 0.05632635 0.005756   0.01291977
 0.00173171 0.00400388 0.02101413 0.02061304 0.03048692 0.01816868
 0.01566405 0.02687451 0.02928265 0.05425039 0.05103151 0.05933033
 0.00565307 0.0017695 ]
INFO:root:Mean random guess loss Per Feature: [0.1381202  0.11463871 0.12685184 0.19480268 0.11516088 0.12750415
 0.11950538 0.12625071 0.11612505 0.13160346 0.13060353 0.11178183
 0.13909099 0.11821898 0.11501109 0.19168561 0.12529125 0.12214783
 0.13027659 0.12760422]
INFO:root:In epoch 47, loss is 3.6946516036987305
INFO:root:Mean generator loss: 0.022997100666366718
INFO:root:Mean random guess loss: 0.1310048031243118
INFO:root:Mean generator loss Per Feature: [0.01644343 0.02832057 0.0055605  0.05555034 0.00564746 0.01299798
 0.00161862 0.00392943 0.02087244 0.02037969 0.02973387 0.0180357
 0.01575759 0.0259495  0.02883709 0.05402918 0.05095686 0.05766041
 0.00576228 0.00189906]
INFO:root:Mean random guess loss Per Feature: [0.13925762 0.11656379 0.12640341 0.18916361 0.11504157 0.12687042
 0.11832059 0.12709828 0.1133846  0.13216075 0.13235014 0.11442347
 0.13885401 0.11477381 0.11567072 0.1967743  0.12660471 0.12038588
 0.12842178 0.1275726 ]
INFO:root:In epoch 48, loss is 3.6894190311431885
INFO:root:Mean generator loss: 0.02254828498069499
INFO:root:Mean random guess loss: 0.13081794844285863
INFO:root:Mean generator loss Per Feature: [0.01634726 0.0275482  0.00568013 0.05557615 0.00573576 0.01227303
 0.00162691 0.00390867 0.02020395 0.02054995 0.02921065 0.01741858
 0.01573972 0.02497493 0.02734045 0.05449296 0.04987833 0.0552557
 0.00537874 0.00182559]
INFO:root:Mean random guess loss Per Feature: [0.13909459 0.11170679 0.1263623  0.19078168 0.11567393 0.12740259
 0.11209931 0.12998728 0.11529132 0.13121767 0.1294033  0.11609496
 0.14085811 0.1146586  0.11495276 0.19238459 0.12794488 0.12351227
 0.12890902 0.12802303]
INFO:root:In epoch 49, loss is 3.628953695297241
INFO:root:Mean generator loss: 0.022169756808796445
INFO:root:Mean random guess loss: 0.13072344664786312
INFO:root:Mean generator loss Per Feature: [0.01632382 0.02667146 0.00507393 0.05545765 0.0055952  0.01191642
 0.00177099 0.00367873 0.01967024 0.02019234 0.02907686 0.01735514
 0.01519598 0.02465088 0.02791009 0.05441928 0.04718949 0.05378765
 0.00546021 0.00199878]
INFO:root:Mean random guess loss Per Feature: [0.13800012 0.11745199 0.12776295 0.19178486 0.11724154 0.12914827
 0.11308826 0.12914853 0.10978537 0.12940485 0.12920317 0.11408445
 0.13935267 0.11356743 0.11680742 0.19279036 0.12596473 0.12294931
 0.13006879 0.1268639 ]
INFO:root:In epoch 50, loss is 3.62457013130188
INFO:root:Mean generator loss: 0.021937791751445952
INFO:root:Mean random guess loss: 0.13038951090058765
INFO:root:Mean generator loss Per Feature: [0.01632151 0.02676932 0.00502657 0.05452429 0.00554479 0.0122795
 0.00148779 0.0037073  0.01921593 0.02024326 0.02875865 0.01686782
 0.01549923 0.0242208  0.02659509 0.0545232  0.04768577 0.05208573
 0.00548137 0.00191791]
INFO:root:Mean random guess loss Per Feature: [0.13950814 0.11174112 0.12433021 0.1899396  0.11463221 0.12703215
 0.11842603 0.12568391 0.1122915  0.13061676 0.130106   0.11334233
 0.14079784 0.11322638 0.11102265 0.19490657 0.12748633 0.12444363
 0.13191849 0.12633835]
INFO:root:In epoch 51, loss is 3.571259021759033
INFO:root:Mean generator loss: 0.02155189445191944
INFO:root:Mean random guess loss: 0.13048532186327755
INFO:root:Mean generator loss Per Feature: [0.01632282 0.0259116  0.00461683 0.05376917 0.00556115 0.01184041
 0.00138445 0.00365526 0.01841225 0.01972417 0.02849109 0.01686551
 0.01527864 0.0235413  0.02659837 0.05440415 0.0467205  0.05062452
 0.00549849 0.00181722]
INFO:root:Mean random guess loss Per Feature: [0.1368545  0.11588988 0.12474313 0.19245471 0.11599284 0.12814052
 0.11541466 0.1279841  0.11349257 0.13313327 0.13006152 0.11290734
 0.1389182  0.11011827 0.11385759 0.19619742 0.12762876 0.12021069
 0.1300822  0.12562426]
INFO:root:In epoch 52, loss is 3.5098323822021484
INFO:root:Mean generator loss: 0.02118221870245966
INFO:root:Mean random guess loss: 0.13040556508947063
INFO:root:Mean generator loss Per Feature: [0.01636697 0.02586329 0.00417967 0.05285309 0.00550436 0.01213934
 0.00123079 0.00359141 0.01807919 0.01905293 0.02798978 0.01655258
 0.01537943 0.02276415 0.02574598 0.05431828 0.04597963 0.04868504
 0.00564093 0.00172754]
INFO:root:Mean random guess loss Per Feature: [0.13994213 0.11545696 0.12598216 0.18973665 0.11014915 0.12646989
 0.11750766 0.12900633 0.11132226 0.1303701  0.13078879 0.11271581
 0.13882233 0.11615353 0.11703067 0.19269077 0.12616451 0.11885713
 0.13113862 0.12780588]
INFO:root:In epoch 53, loss is 3.453354597091675
INFO:root:Mean generator loss: 0.02086121966005177
INFO:root:Mean random guess loss: 0.13110551133349135
INFO:root:Mean generator loss Per Feature: [0.01627602 0.02498298 0.0037868  0.05311286 0.00557759 0.01181475
 0.0011543  0.00349435 0.01787358 0.01914716 0.02763456 0.01626685
 0.01523677 0.02321057 0.02497128 0.05491291 0.0441547  0.04627972
 0.0054109  0.00192574]
INFO:root:Mean random guess loss Per Feature: [0.14108707 0.11587773 0.12637115 0.19115374 0.11874069 0.13044338
 0.1110506  0.12577622 0.11883557 0.13111652 0.13073482 0.11146578
 0.14270656 0.1145683  0.11506382 0.19078524 0.12745226 0.12159505
 0.12994941 0.12733635]
INFO:root:In epoch 54, loss is 3.4274299144744873
INFO:root:Mean generator loss: 0.02060471663905962
INFO:root:Mean random guess loss: 0.13083179778343923
INFO:root:Mean generator loss Per Feature: [0.01618753 0.0252306  0.00331744 0.05300829 0.00544446 0.01174329
 0.00114606 0.00345164 0.01791366 0.01894298 0.0266502  0.01607651
 0.01526082 0.0227758  0.02459104 0.05488496 0.04331883 0.04450246
 0.00545218 0.00219558]
INFO:root:Mean random guess loss Per Feature: [0.13827356 0.11563315 0.1258578  0.19012663 0.11715776 0.12945655
 0.11471176 0.12777954 0.11325324 0.13304851 0.13144546 0.11505532
 0.13897422 0.11566492 0.11603782 0.1933854  0.12474928 0.12054446
 0.12945159 0.12602899]
INFO:root:In epoch 55, loss is 3.3748204708099365
INFO:root:Mean generator loss: 0.020333556025414853
INFO:root:Mean random guess loss: 0.13085678525873132
INFO:root:Mean generator loss Per Feature: [0.0162139  0.02518944 0.00307545 0.05269568 0.00535842 0.01209547
 0.00106276 0.00345391 0.01712684 0.01889257 0.02637237 0.01575469
 0.01525997 0.02195315 0.0239752  0.05507475 0.04206038 0.04357341
 0.00535714 0.00212563]
INFO:root:Mean random guess loss Per Feature: [0.14072094 0.1169536  0.12536897 0.19281354 0.11544512 0.12755664
 0.1161     0.13022329 0.11516063 0.12996625 0.1299174  0.11559383
 0.13894783 0.11594071 0.1152686  0.19108677 0.12515088 0.11938618
 0.12919438 0.12634013]
INFO:root:In epoch 56, loss is 3.355994939804077
INFO:root:Mean generator loss: 0.02004725607363759
INFO:root:Mean random guess loss: 0.13114701227561848
INFO:root:Mean generator loss Per Feature: [0.0160842  0.02475465 0.00258233 0.05245866 0.00528205 0.01170361
 0.00107868 0.00344181 0.01688842 0.01873686 0.02595872 0.01576529
 0.01509221 0.02174623 0.02338677 0.05508308 0.04159497 0.04164648
 0.00524111 0.00241899]
INFO:root:Mean random guess loss Per Feature: [0.13946176 0.11333384 0.12789369 0.19011633 0.11643692 0.12828017
 0.11430381 0.124419   0.11384854 0.13037727 0.1313483  0.11832152
 0.13974129 0.11700376 0.11505034 0.19279219 0.1268612  0.12545486
 0.12998968 0.12790574]
INFO:root:In epoch 57, loss is 3.3160290718078613
INFO:root:Mean generator loss: 0.01976670664609284
INFO:root:Mean random guess loss: 0.13042081215897122
INFO:root:Mean generator loss Per Feature: [0.0160044  0.02424297 0.00249281 0.05143972 0.0054363  0.01195611
 0.00087828 0.00341624 0.01615194 0.01857676 0.0260776  0.01548656
 0.0151491  0.02094319 0.02262858 0.05503797 0.04167303 0.04036347
 0.00507411 0.002305  ]
INFO:root:Mean random guess loss Per Feature: [0.13942244 0.116089   0.12526318 0.18878551 0.11373851 0.12810992
 0.11213889 0.12707605 0.11272759 0.13250215 0.13138641 0.11516656
 0.13694381 0.11195936 0.11592745 0.19237115 0.12718933 0.12200662
 0.13070473 0.12890758]
INFO:root:In epoch 58, loss is 3.3347349166870117
INFO:root:Mean generator loss: 0.01937539007615399
INFO:root:Mean random guess loss: 0.13092157450076697
INFO:root:Mean generator loss Per Feature: [0.01600842 0.02426263 0.00245313 0.05132106 0.00522256 0.0121151
 0.00093982 0.00337114 0.01553291 0.01806899 0.02524793 0.01495302
 0.015117   0.02058668 0.0220823  0.05515662 0.03847194 0.03934162
 0.00510794 0.00214699]
INFO:root:Mean random guess loss Per Feature: [0.13863089 0.11534345 0.12506605 0.19193252 0.11479304 0.12959231
 0.11685681 0.12855146 0.1133311  0.13008167 0.13042158 0.11469697
 0.14089021 0.11839551 0.11135207 0.19260593 0.12789445 0.12260071
 0.12924858 0.12614619]
INFO:root:In epoch 59, loss is 3.2741386890411377
INFO:root:Mean generator loss: 0.019256286776146374
INFO:root:Mean random guess loss: 0.13084067174711744
INFO:root:Mean generator loss Per Feature: [0.01603414 0.02396539 0.00214589 0.05125759 0.00521255 0.0118624
 0.00096373 0.00336019 0.01534113 0.01908048 0.0244627  0.01516567
 0.01500013 0.02026484 0.02209182 0.05489555 0.03809929 0.03837765
 0.00500545 0.00253913]
INFO:root:Mean random guess loss Per Feature: [0.13935023 0.1160477  0.12594701 0.19292881 0.1133162  0.12909541
 0.11620345 0.12947349 0.11092145 0.12991627 0.13289912 0.11694971
 0.13953317 0.1154667  0.11255559 0.19170108 0.12490649 0.12216668
 0.13051006 0.12692481]

 {'train_loss': [array(7.033101e-05, dtype=float32)],
 'train_MulticlassAccuracy': [array(0.50760156, dtype=float32)],
 'train_MulticlassPrecision': [array(0.50760156, dtype=float32)],
 'val_loss': [array(4.0557843e-05, dtype=float32)],
 'val_MulticlassAccuracy': [array(0.09241766, dtype=float32)],
 'val_MulticlassPrecision': [array(0.09241766, dtype=float32)]}